<?xml version="1.0" encoding="UTF-8"?>
<testsuite xmlns:xsi="http://www.w3.org/2001/XMLSchema-instance" xsi:noNamespaceSchemaLocation="https://maven.apache.org/surefire/maven-surefire-plugin/xsd/surefire-test-report.xsd" version="3.0.1" name="studia.Board.BoardTest" time="0.063" tests="5" errors="0" skipped="0" failures="0">
  <properties>
[...]
</properties>
  <testcase name="testMovingPawns" classname="studia.Board.BoardTest" time="0.023">
    <system-out><![CDATA[                        &amp#27;[38;5;1m000&amp#27;[0m                        
                      &amp#27;[38;5;1m001&amp#27;[0m &amp#27;[38;5;1m002&amp#27;[0m                     
                    &amp#27;[38;5;1m003&amp#27;[0m &amp#27;[38;5;1m004&amp#27;[0m &amp#27;[38;5;1m005&amp#27;[0m                    
                  &amp#27;[38;5;1m006&amp#27;[0m &amp#27;[38;5;1m007&amp#27;[0m 008 &amp#27;[38;5;1m009&amp#27;[0m                 
&amp#27;[38;5;6m010&amp#27;[0m &amp#27;[38;5;6m011&amp#27;[0m &amp#27;[38;5;6m012&amp#27;[0m &amp#27;[38;5;6m013&amp#27;[0m 014 015 016 &amp#27;[38;5;1m017&amp#27;[0m 018 &amp#27;[38;5;2m019&amp#27;[0m &amp#27;[38;5;2m020&amp#27;[0m &amp#27;[38;5;2m021&amp#27;[0m &amp#27;[38;5;2m022&amp#27;[0m
  &amp#27;[38;5;6m023&amp#27;[0m &amp#27;[38;5;6m024&amp#27;[0m &amp#27;[38;5;6m025&amp#27;[0m 026 027 028 029 030 031 &amp#27;[38;5;2m032&amp#27;[0m &amp#27;[38;5;2m033&amp#27;[0m &amp#27;[38;5;2m034&amp#27;[0m 
    &amp#27;[38;5;6m035&amp#27;[0m &amp#27;[38;5;6m036&amp#27;[0m 037 038 039 040 041 042 043 &amp#27;[38;5;2m044&amp#27;[0m &amp#27;[38;5;2m045&amp#27;[0m    
      &amp#27;[38;5;6m046&amp#27;[0m 047 048 049 050 051 052 053 054 &amp#27;[38;5;2m055&amp#27;[0m     
        056 057 058 059 060 061 062 063 064        
      &amp#27;[38;5;5m065&amp#27;[0m 066 067 068 069 070 071 072 073 &amp#27;[38;5;3m074&amp#27;[0m     
    &amp#27;[38;5;5m075&amp#27;[0m &amp#27;[38;5;5m076&amp#27;[0m 077 078 079 080 081 082 083 &amp#27;[38;5;3m084&amp#27;[0m &amp#27;[38;5;3m085&amp#27;[0m    
  &amp#27;[38;5;5m086&amp#27;[0m &amp#27;[38;5;5m087&amp#27;[0m &amp#27;[38;5;5m088&amp#27;[0m 089 090 091 092 093 094 &amp#27;[38;5;3m095&amp#27;[0m &amp#27;[38;5;3m096&amp#27;[0m &amp#27;[38;5;3m097&amp#27;[0m 
&amp#27;[38;5;5m098&amp#27;[0m &amp#27;[38;5;5m099&amp#27;[0m &amp#27;[38;5;5m100&amp#27;[0m &amp#27;[38;5;5m101&amp#27;[0m 102 103 104 105 106 &amp#27;[38;5;3m107&amp#27;[0m &amp#27;[38;5;3m108&amp#27;[0m &amp#27;[38;5;3m109&amp#27;[0m &amp#27;[38;5;3m110&amp#27;[0m
                  &amp#27;[38;5;4m111&amp#27;[0m &amp#27;[38;5;4m112&amp#27;[0m &amp#27;[38;5;4m113&amp#27;[0m &amp#27;[38;5;4m114&amp#27;[0m                 
                    &amp#27;[38;5;4m115&amp#27;[0m &amp#27;[38;5;4m116&amp#27;[0m &amp#27;[38;5;4m117&amp#27;[0m                    
                      &amp#27;[38;5;4m118&amp#27;[0m &amp#27;[38;5;4m119&amp#27;[0m                     
                        &amp#27;[38;5;4m120&amp#27;[0m                        
]]></system-out>
  </testcase>
  <testcase name="winChecker" classname="studia.Board.BoardTest" time="0.006"/>
  <testcase name="testStartAndFinishCorners" classname="studia.Board.BoardTest" time="0.004"/>
  <testcase name="testBuildingBoardForEveryPlayerNumber" classname="studia.Board.BoardTest" time="0.011">
    <system-out><![CDATA[                        &amp#27;[38;5;1m000&amp#27;[0m                        
                      &amp#27;[38;5;1m001&amp#27;[0m &amp#27;[38;5;1m002&amp#27;[0m                     
                    &amp#27;[38;5;1m003&amp#27;[0m &amp#27;[38;5;1m004&amp#27;[0m &amp#27;[38;5;1m005&amp#27;[0m                    
                  &amp#27;[38;5;1m006&amp#27;[0m &amp#27;[38;5;1m007&amp#27;[0m &amp#27;[38;5;1m008&amp#27;[0m &amp#27;[38;5;1m009&amp#27;[0m                 
010 011 012 013 014 015 016 017 018 019 020 021 022
  023 024 025 026 027 028 029 030 031 032 033 034 
    035 036 037 038 039 040 041 042 043 044 045    
      046 047 048 049 050 051 052 053 054 055     
        056 057 058 059 060 061 062 063 064        
      065 066 067 068 069 070 071 072 073 074     
    075 076 077 078 079 080 081 082 083 084 085    
  086 087 088 089 090 091 092 093 094 095 096 097 
098 099 100 101 102 103 104 105 106 107 108 109 110
                  &amp#27;[38;5;2m111&amp#27;[0m &amp#27;[38;5;2m112&amp#27;[0m &amp#27;[38;5;2m113&amp#27;[0m &amp#27;[38;5;2m114&amp#27;[0m                 
                    &amp#27;[38;5;2m115&amp#27;[0m &amp#27;[38;5;2m116&amp#27;[0m &amp#27;[38;5;2m117&amp#27;[0m                    
                      &amp#27;[38;5;2m118&amp#27;[0m &amp#27;[38;5;2m119&amp#27;[0m                     
                        &amp#27;[38;5;2m120&amp#27;[0m                        
                        &amp#27;[38;5;1m000&amp#27;[0m                        
                      &amp#27;[38;5;1m001&amp#27;[0m &amp#27;[38;5;1m002&amp#27;[0m                     
                    &amp#27;[38;5;1m003&amp#27;[0m &amp#27;[38;5;1m004&amp#27;[0m &amp#27;[38;5;1m005&amp#27;[0m                    
                  &amp#27;[38;5;1m006&amp#27;[0m &amp#27;[38;5;1m007&amp#27;[0m &amp#27;[38;5;1m008&amp#27;[0m &amp#27;[38;5;1m009&amp#27;[0m                 
010 011 012 013 014 015 016 017 018 019 020 021 022
  023 024 025 026 027 028 029 030 031 032 033 034 
    035 036 037 038 039 040 041 042 043 044 045    
      046 047 048 049 050 051 052 053 054 055     
        056 057 058 059 060 061 062 063 064        
      &amp#27;[38;5;3m065&amp#27;[0m 066 067 068 069 070 071 072 073 &amp#27;[38;5;2m074&amp#27;[0m     
    &amp#27;[38;5;3m075&amp#27;[0m &amp#27;[38;5;3m076&amp#27;[0m 077 078 079 080 081 082 083 &amp#27;[38;5;2m084&amp#27;[0m &amp#27;[38;5;2m085&amp#27;[0m    
  &amp#27;[38;5;3m086&amp#27;[0m &amp#27;[38;5;3m087&amp#27;[0m &amp#27;[38;5;3m088&amp#27;[0m 089 090 091 092 093 094 &amp#27;[38;5;2m095&amp#27;[0m &amp#27;[38;5;2m096&amp#27;[0m &amp#27;[38;5;2m097&amp#27;[0m 
&amp#27;[38;5;3m098&amp#27;[0m &amp#27;[38;5;3m099&amp#27;[0m &amp#27;[38;5;3m100&amp#27;[0m &amp#27;[38;5;3m101&amp#27;[0m 102 103 104 105 106 &amp#27;[38;5;2m107&amp#27;[0m &amp#27;[38;5;2m108&amp#27;[0m &amp#27;[38;5;2m109&amp#27;[0m &amp#27;[38;5;2m110&amp#27;[0m
                  111 112 113 114                 
                    115 116 117                    
                      118 119                     
                        120                        
                        &amp#27;[38;5;1m000&amp#27;[0m                        
                      &amp#27;[38;5;1m001&amp#27;[0m &amp#27;[38;5;1m002&amp#27;[0m                     
                    &amp#27;[38;5;1m003&amp#27;[0m &amp#27;[38;5;1m004&amp#27;[0m &amp#27;[38;5;1m005&amp#27;[0m                    
                  &amp#27;[38;5;1m006&amp#27;[0m &amp#27;[38;5;1m007&amp#27;[0m &amp#27;[38;5;1m008&amp#27;[0m &amp#27;[38;5;1m009&amp#27;[0m                 
010 011 012 013 014 015 016 017 018 &amp#27;[38;5;2m019&amp#27;[0m &amp#27;[38;5;2m020&amp#27;[0m &amp#27;[38;5;2m021&amp#27;[0m &amp#27;[38;5;2m022&amp#27;[0m
  023 024 025 026 027 028 029 030 031 &amp#27;[38;5;2m032&amp#27;[0m &amp#27;[38;5;2m033&amp#27;[0m &amp#27;[38;5;2m034&amp#27;[0m 
    035 036 037 038 039 040 041 042 043 &amp#27;[38;5;2m044&amp#27;[0m &amp#27;[38;5;2m045&amp#27;[0m    
      046 047 048 049 050 051 052 053 054 &amp#27;[38;5;2m055&amp#27;[0m     
        056 057 058 059 060 061 062 063 064        
      &amp#27;[38;5;4m065&amp#27;[0m 066 067 068 069 070 071 072 073 074     
    &amp#27;[38;5;4m075&amp#27;[0m &amp#27;[38;5;4m076&amp#27;[0m 077 078 079 080 081 082 083 084 085    
  &amp#27;[38;5;4m086&amp#27;[0m &amp#27;[38;5;4m087&amp#27;[0m &amp#27;[38;5;4m088&amp#27;[0m 089 090 091 092 093 094 095 096 097 
&amp#27;[38;5;4m098&amp#27;[0m &amp#27;[38;5;4m099&amp#27;[0m &amp#27;[38;5;4m100&amp#27;[0m &amp#27;[38;5;4m101&amp#27;[0m 102 103 104 105 106 107 108 109 110
                  &amp#27;[38;5;3m111&amp#27;[0m &amp#27;[38;5;3m112&amp#27;[0m &amp#27;[38;5;3m113&amp#27;[0m &amp#27;[38;5;3m114&amp#27;[0m                 
                    &amp#27;[38;5;3m115&amp#27;[0m &amp#27;[38;5;3m116&amp#27;[0m &amp#27;[38;5;3m117&amp#27;[0m                    
                      &amp#27;[38;5;3m118&amp#27;[0m &amp#27;[38;5;3m119&amp#27;[0m                     
                        &amp#27;[38;5;3m120&amp#27;[0m                        
                        &amp#27;[38;5;1m000&amp#27;[0m                        
                      &amp#27;[38;5;1m001&amp#27;[0m &amp#27;[38;5;1m002&amp#27;[0m                     
                    &amp#27;[38;5;1m003&amp#27;[0m &amp#27;[38;5;1m004&amp#27;[0m &amp#27;[38;5;1m005&amp#27;[0m                    
                  &amp#27;[38;5;1m006&amp#27;[0m &amp#27;[38;5;1m007&amp#27;[0m &amp#27;[38;5;1m008&amp#27;[0m &amp#27;[38;5;1m009&amp#27;[0m                 
&amp#27;[38;5;6m010&amp#27;[0m &amp#27;[38;5;6m011&amp#27;[0m &amp#27;[38;5;6m012&amp#27;[0m &amp#27;[38;5;6m013&amp#27;[0m 014 015 016 017 018 &amp#27;[38;5;2m019&amp#27;[0m &amp#27;[38;5;2m020&amp#27;[0m &amp#27;[38;5;2m021&amp#27;[0m &amp#27;[38;5;2m022&amp#27;[0m
  &amp#27;[38;5;6m023&amp#27;[0m &amp#27;[38;5;6m024&amp#27;[0m &amp#27;[38;5;6m025&amp#27;[0m 026 027 028 029 030 031 &amp#27;[38;5;2m032&amp#27;[0m &amp#27;[38;5;2m033&amp#27;[0m &amp#27;[38;5;2m034&amp#27;[0m 
    &amp#27;[38;5;6m035&amp#27;[0m &amp#27;[38;5;6m036&amp#27;[0m 037 038 039 040 041 042 043 &amp#27;[38;5;2m044&amp#27;[0m &amp#27;[38;5;2m045&amp#27;[0m    
      &amp#27;[38;5;6m046&amp#27;[0m 047 048 049 050 051 052 053 054 &amp#27;[38;5;2m055&amp#27;[0m     
        056 057 058 059 060 061 062 063 064        
      &amp#27;[38;5;5m065&amp#27;[0m 066 067 068 069 070 071 072 073 &amp#27;[38;5;3m074&amp#27;[0m     
    &amp#27;[38;5;5m075&amp#27;[0m &amp#27;[38;5;5m076&amp#27;[0m 077 078 079 080 081 082 083 &amp#27;[38;5;3m084&amp#27;[0m &amp#27;[38;5;3m085&amp#27;[0m    
  &amp#27;[38;5;5m086&amp#27;[0m &amp#27;[38;5;5m087&amp#27;[0m &amp#27;[38;5;5m088&amp#27;[0m 089 090 091 092 093 094 &amp#27;[38;5;3m095&amp#27;[0m &amp#27;[38;5;3m096&amp#27;[0m &amp#27;[38;5;3m097&amp#27;[0m 
&amp#27;[38;5;5m098&amp#27;[0m &amp#27;[38;5;5m099&amp#27;[0m &amp#27;[38;5;5m100&amp#27;[0m &amp#27;[38;5;5m101&amp#27;[0m 102 103 104 105 106 &amp#27;[38;5;3m107&amp#27;[0m &amp#27;[38;5;3m108&amp#27;[0m &amp#27;[38;5;3m109&amp#27;[0m &amp#27;[38;5;3m110&amp#27;[0m
                  &amp#27;[38;5;4m111&amp#27;[0m &amp#27;[38;5;4m112&amp#27;[0m &amp#27;[38;5;4m113&amp#27;[0m &amp#27;[38;5;4m114&amp#27;[0m                 
                    &amp#27;[38;5;4m115&amp#27;[0m &amp#27;[38;5;4m116&amp#27;[0m &amp#27;[38;5;4m117&amp#27;[0m                    
                      &amp#27;[38;5;4m118&amp#27;[0m &amp#27;[38;5;4m119&amp#27;[0m                     
                        &amp#27;[38;5;4m120&amp#27;[0m                        
]]></system-out>
  </testcase>
  <testcase name="pointsAmountOnBoard" classname="studia.Board.BoardTest" time="0.004"/>
</testsuite>